This is pdfTeX, Version 3.14159265-2.6-1.40.16 (TeX Live 2015/Debian) (preloaded format=pdflatex 2016.12.11)  27 MAR 2017 16:53
entering extended mode
 restricted \write18 enabled.
 %&-line parsing enabled.
**wavelets.tex
(./wavelets.tex
LaTeX2e <2016/02/01>
Babel <3.9q> and hyphenation patterns for 5 language(s) loaded.
(/usr/share/texlive/texmf-dist/tex/latex/base/article.cls
Document Class: article 2014/09/29 v1.4h Standard LaTeX document class
(/usr/share/texlive/texmf-dist/tex/latex/base/size10.clo
File: size10.clo 2014/09/29 v1.4h Standard LaTeX file (size option)
)
\c@part=\count79
\c@section=\count80
\c@subsection=\count81
\c@subsubsection=\count82
\c@paragraph=\count83
\c@subparagraph=\count84
\c@figure=\count85
\c@table=\count86
\abovecaptionskip=\skip41
\belowcaptionskip=\skip42
\bibindent=\dimen102
)
(/usr/share/texlive/texmf-dist/tex/generic/babel/babel.sty
Package: babel 2016/02/24 3.9q The Babel package

(/usr/share/texlive/texmf-dist/tex/generic/babel-english/english.ldf
Language: english 2012/08/20 v3.3p English support from the babel system

(/usr/share/texlive/texmf-dist/tex/generic/babel/babel.def
File: babel.def 2016/02/24 3.9q Babel common definitions
\babel@savecnt=\count87
\U@D=\dimen103
)
\l@canadian = a dialect from \language\l@american 
\l@australian = a dialect from \language\l@british 
\l@newzealand = a dialect from \language\l@british 
))
(/usr/share/texlive/texmf-dist/tex/latex/base/inputenc.sty
Package: inputenc 2015/03/17 v1.2c Input encoding file
\inpenc@prehook=\toks14
\inpenc@posthook=\toks15

(/usr/share/texlive/texmf-dist/tex/latex/ucs/utf8x.def
File: utf8x.def 2004/10/17 UCS: Input encoding UTF-8
))
(/usr/share/texlive/texmf-dist/tex/latex/ucs/ucs.sty
Package: ucs 2013/05/11 v2.2 UCS: Unicode input support

(/usr/share/texlive/texmf-dist/tex/latex/ucs/data/uni-global.def
File: uni-global.def 2013/05/13 UCS: Unicode global data
)
\uc@secondtry=\count88
\uc@combtoks=\toks16
\uc@combtoksb=\toks17
\uc@temptokena=\toks18
)
(/usr/share/texlive/texmf-dist/tex/latex/base/fontenc.sty
Package: fontenc 2005/09/27 v1.99g Standard LaTeX package

(/usr/share/texlive/texmf-dist/tex/latex/base/t1enc.def
File: t1enc.def 2005/09/27 v1.99g Standard LaTeX file
LaTeX Font Info:    Redeclaring font encoding T1 on input line 48.
))
(/usr/share/texlive/texmf-dist/tex/latex/float/float.sty
Package: float 2001/11/08 v1.3d Float enhancements (AL)
\c@float@type=\count89
\float@exts=\toks19
\float@box=\box26
\@float@everytoks=\toks20
\@floatcapt=\box27
)
(/usr/share/texlive/texmf-dist/tex/latex/geometry/geometry.sty
Package: geometry 2010/09/12 v5.6 Page Geometry

(/usr/share/texlive/texmf-dist/tex/latex/graphics/keyval.sty
Package: keyval 2014/10/28 v1.15 key=value parser (DPC)
\KV@toks@=\toks21
)
(/usr/share/texlive/texmf-dist/tex/generic/oberdiek/ifpdf.sty
Package: ifpdf 2011/01/30 v2.3 Provides the ifpdf switch (HO)
Package ifpdf Info: pdfTeX in PDF mode is detected.
)
(/usr/share/texlive/texmf-dist/tex/generic/oberdiek/ifvtex.sty
Package: ifvtex 2010/03/01 v1.5 Detect VTeX and its facilities (HO)
Package ifvtex Info: VTeX not detected.
)
(/usr/share/texlive/texmf-dist/tex/generic/ifxetex/ifxetex.sty
Package: ifxetex 2010/09/12 v0.6 Provides ifxetex conditional
)
\Gm@cnth=\count90
\Gm@cntv=\count91
\c@Gm@tempcnt=\count92
\Gm@bindingoffset=\dimen104
\Gm@wd@mp=\dimen105
\Gm@odd@mp=\dimen106
\Gm@even@mp=\dimen107
\Gm@layoutwidth=\dimen108
\Gm@layoutheight=\dimen109
\Gm@layouthoffset=\dimen110
\Gm@layoutvoffset=\dimen111
\Gm@dimlist=\toks22
)
(/usr/share/texlive/texmf-dist/tex/latex/amsmath/amsmath.sty
Package: amsmath 2016/03/03 v2.15a AMS math features
\@mathmargin=\skip43

For additional information on amsmath, use the `?' option.
(/usr/share/texlive/texmf-dist/tex/latex/amsmath/amstext.sty
Package: amstext 2000/06/29 v2.01 AMS text

(/usr/share/texlive/texmf-dist/tex/latex/amsmath/amsgen.sty
File: amsgen.sty 1999/11/30 v2.0 generic functions
\@emptytoks=\toks23
\ex@=\dimen112
))
(/usr/share/texlive/texmf-dist/tex/latex/amsmath/amsbsy.sty
Package: amsbsy 1999/11/29 v1.2d Bold Symbols
\pmbraise@=\dimen113
)
(/usr/share/texlive/texmf-dist/tex/latex/amsmath/amsopn.sty
Package: amsopn 1999/12/14 v2.01 operator names
)
\inf@bad=\count93
LaTeX Info: Redefining \frac on input line 199.
\uproot@=\count94
\leftroot@=\count95
LaTeX Info: Redefining \overline on input line 297.
\classnum@=\count96
\DOTSCASE@=\count97
LaTeX Info: Redefining \ldots on input line 394.
LaTeX Info: Redefining \dots on input line 397.
LaTeX Info: Redefining \cdots on input line 518.
\Mathstrutbox@=\box28
\strutbox@=\box29
\big@size=\dimen114
LaTeX Font Info:    Redeclaring font encoding OML on input line 630.
LaTeX Font Info:    Redeclaring font encoding OMS on input line 631.
\macc@depth=\count98
\c@MaxMatrixCols=\count99
\dotsspace@=\muskip10
\c@parentequation=\count100
\dspbrk@lvl=\count101
\tag@help=\toks24
\row@=\count102
\column@=\count103
\maxfields@=\count104
\andhelp@=\toks25
\eqnshift@=\dimen115
\alignsep@=\dimen116
\tagshift@=\dimen117
\tagwidth@=\dimen118
\totwidth@=\dimen119
\lineht@=\dimen120
\@envbody=\toks26
\multlinegap=\skip44
\multlinetaggap=\skip45
\mathdisplay@stack=\toks27
LaTeX Info: Redefining \[ on input line 2735.
LaTeX Info: Redefining \] on input line 2736.
)
(/usr/share/texlive/texmf-dist/tex/latex/graphics/graphicx.sty
Package: graphicx 2014/10/28 v1.0g Enhanced LaTeX Graphics (DPC,SPQR)

(/usr/share/texlive/texmf-dist/tex/latex/graphics/graphics.sty
Package: graphics 2016/01/03 v1.0q Standard LaTeX Graphics (DPC,SPQR)

(/usr/share/texlive/texmf-dist/tex/latex/graphics/trig.sty
Package: trig 2016/01/03 v1.10 sin cos tan (DPC)
)
(/usr/share/texlive/texmf-dist/tex/latex/latexconfig/graphics.cfg
File: graphics.cfg 2010/04/23 v1.9 graphics configuration of TeX Live
)
Package graphics Info: Driver file: pdftex.def on input line 95.

(/usr/share/texlive/texmf-dist/tex/latex/pdftex-def/pdftex.def
File: pdftex.def 2011/05/27 v0.06d Graphics/color for pdfTeX

(/usr/share/texlive/texmf-dist/tex/generic/oberdiek/infwarerr.sty
Package: infwarerr 2010/04/08 v1.3 Providing info/warning/error messages (HO)
)
(/usr/share/texlive/texmf-dist/tex/generic/oberdiek/ltxcmds.sty
Package: ltxcmds 2011/11/09 v1.22 LaTeX kernel commands for general use (HO)
)
\Gread@gobject=\count105
))
\Gin@req@height=\dimen121
\Gin@req@width=\dimen122
)
(./mcode.sty
-- Package: `mcode' 2.5 <2014/03/06> --
Package: mcode 2014/03/06 2.5
 - settings optimized for display (colour formating)
 - line numbering enabled
 - literate programming (character replacements) enabled
 - automatic line breaking enabled (careful, buggy!)
 - framed listings
(/usr/share/texlive/texmf-dist/tex/latex/xcolor/xcolor.sty
Package: xcolor 2007/01/21 v2.11 LaTeX color extensions (UK)

(/usr/share/texlive/texmf-dist/tex/latex/latexconfig/color.cfg
File: color.cfg 2007/01/18 v1.5 color configuration of teTeX/TeXLive
)
Package xcolor Info: Driver file: pdftex.def on input line 225.
Package xcolor Info: Model `cmy' substituted by `cmy0' on input line 1337.
Package xcolor Info: Model `hsb' substituted by `rgb' on input line 1341.
Package xcolor Info: Model `RGB' extended on input line 1353.
Package xcolor Info: Model `HTML' substituted by `rgb' on input line 1355.
Package xcolor Info: Model `Hsb' substituted by `hsb' on input line 1356.
Package xcolor Info: Model `tHsb' substituted by `hsb' on input line 1357.
Package xcolor Info: Model `HSB' substituted by `hsb' on input line 1358.
Package xcolor Info: Model `Gray' substituted by `gray' on input line 1359.
Package xcolor Info: Model `wave' substituted by `hsb' on input line 1360.
)
(/usr/share/texlive/texmf-dist/tex/latex/listings/listings.sty
\lst@mode=\count106
\lst@gtempboxa=\box30
\lst@token=\toks28
\lst@length=\count107
\lst@currlwidth=\dimen123
\lst@column=\count108
\lst@pos=\count109
\lst@lostspace=\dimen124
\lst@width=\dimen125
\lst@newlines=\count110
\lst@lineno=\count111
\lst@maxwidth=\dimen126

(/usr/share/texlive/texmf-dist/tex/latex/listings/lstmisc.sty
File: lstmisc.sty 2015/06/04 1.6 (Carsten Heinz)
\c@lstnumber=\count112
\lst@skipnumbers=\count113
\lst@framebox=\box31
)
(/usr/share/texlive/texmf-dist/tex/latex/listings/listings.cfg
File: listings.cfg 2015/06/04 1.6 listings configuration
))
Package: listings 2015/06/04 1.6 (Carsten Heinz)

(/usr/share/texlive/texmf-dist/tex/latex/base/textcomp.sty
Package: textcomp 2005/09/27 v1.99g Standard LaTeX package
Package textcomp Info: Sub-encoding information:
(textcomp)               5 = only ISO-Adobe without \textcurrency
(textcomp)               4 = 5 + \texteuro
(textcomp)               3 = 4 + \textohm
(textcomp)               2 = 3 + \textestimated + \textcurrency
(textcomp)               1 = TS1 - \textcircled - \t
(textcomp)               0 = TS1 (full)
(textcomp)             Font families with sub-encoding setting implement
(textcomp)             only a restricted character set as indicated.
(textcomp)             Family '?' is the default used for unknown fonts.
(textcomp)             See the documentation for details.
Package textcomp Info: Setting ? sub-encoding to TS1/1 on input line 79.

(/usr/share/texlive/texmf-dist/tex/latex/base/ts1enc.def
File: ts1enc.def 2001/06/05 v3.0e (jk/car/fm) Standard LaTeX file
)
LaTeX Info: Redefining \oldstylenums on input line 334.
Package textcomp Info: Setting cmr sub-encoding to TS1/0 on input line 349.
Package textcomp Info: Setting cmss sub-encoding to TS1/0 on input line 350.
Package textcomp Info: Setting cmtt sub-encoding to TS1/0 on input line 351.
Package textcomp Info: Setting cmvtt sub-encoding to TS1/0 on input line 352.
Package textcomp Info: Setting cmbr sub-encoding to TS1/0 on input line 353.
Package textcomp Info: Setting cmtl sub-encoding to TS1/0 on input line 354.
Package textcomp Info: Setting ccr sub-encoding to TS1/0 on input line 355.
Package textcomp Info: Setting ptm sub-encoding to TS1/4 on input line 356.
Package textcomp Info: Setting pcr sub-encoding to TS1/4 on input line 357.
Package textcomp Info: Setting phv sub-encoding to TS1/4 on input line 358.
Package textcomp Info: Setting ppl sub-encoding to TS1/3 on input line 359.
Package textcomp Info: Setting pag sub-encoding to TS1/4 on input line 360.
Package textcomp Info: Setting pbk sub-encoding to TS1/4 on input line 361.
Package textcomp Info: Setting pnc sub-encoding to TS1/4 on input line 362.
Package textcomp Info: Setting pzc sub-encoding to TS1/4 on input line 363.
Package textcomp Info: Setting bch sub-encoding to TS1/4 on input line 364.
Package textcomp Info: Setting put sub-encoding to TS1/5 on input line 365.
Package textcomp Info: Setting uag sub-encoding to TS1/5 on input line 366.
Package textcomp Info: Setting ugq sub-encoding to TS1/5 on input line 367.
Package textcomp Info: Setting ul8 sub-encoding to TS1/4 on input line 368.
Package textcomp Info: Setting ul9 sub-encoding to TS1/4 on input line 369.
Package textcomp Info: Setting augie sub-encoding to TS1/5 on input line 370.
Package textcomp Info: Setting dayrom sub-encoding to TS1/3 on input line 371.
Package textcomp Info: Setting dayroms sub-encoding to TS1/3 on input line 372.

Package textcomp Info: Setting pxr sub-encoding to TS1/0 on input line 373.
Package textcomp Info: Setting pxss sub-encoding to TS1/0 on input line 374.
Package textcomp Info: Setting pxtt sub-encoding to TS1/0 on input line 375.
Package textcomp Info: Setting txr sub-encoding to TS1/0 on input line 376.
Package textcomp Info: Setting txss sub-encoding to TS1/0 on input line 377.
Package textcomp Info: Setting txtt sub-encoding to TS1/0 on input line 378.
Package textcomp Info: Setting lmr sub-encoding to TS1/0 on input line 379.
Package textcomp Info: Setting lmdh sub-encoding to TS1/0 on input line 380.
Package textcomp Info: Setting lmss sub-encoding to TS1/0 on input line 381.
Package textcomp Info: Setting lmssq sub-encoding to TS1/0 on input line 382.
Package textcomp Info: Setting lmvtt sub-encoding to TS1/0 on input line 383.
Package textcomp Info: Setting lmtt sub-encoding to TS1/0 on input line 384.
Package textcomp Info: Setting qhv sub-encoding to TS1/0 on input line 385.
Package textcomp Info: Setting qag sub-encoding to TS1/0 on input line 386.
Package textcomp Info: Setting qbk sub-encoding to TS1/0 on input line 387.
Package textcomp Info: Setting qcr sub-encoding to TS1/0 on input line 388.
Package textcomp Info: Setting qcs sub-encoding to TS1/0 on input line 389.
Package textcomp Info: Setting qpl sub-encoding to TS1/0 on input line 390.
Package textcomp Info: Setting qtm sub-encoding to TS1/0 on input line 391.
Package textcomp Info: Setting qzc sub-encoding to TS1/0 on input line 392.
Package textcomp Info: Setting qhvc sub-encoding to TS1/0 on input line 393.
Package textcomp Info: Setting futs sub-encoding to TS1/4 on input line 394.
Package textcomp Info: Setting futx sub-encoding to TS1/4 on input line 395.
Package textcomp Info: Setting futj sub-encoding to TS1/4 on input line 396.
Package textcomp Info: Setting hlh sub-encoding to TS1/3 on input line 397.
Package textcomp Info: Setting hls sub-encoding to TS1/3 on input line 398.
Package textcomp Info: Setting hlst sub-encoding to TS1/3 on input line 399.
Package textcomp Info: Setting hlct sub-encoding to TS1/5 on input line 400.
Package textcomp Info: Setting hlx sub-encoding to TS1/5 on input line 401.
Package textcomp Info: Setting hlce sub-encoding to TS1/5 on input line 402.
Package textcomp Info: Setting hlcn sub-encoding to TS1/5 on input line 403.
Package textcomp Info: Setting hlcw sub-encoding to TS1/5 on input line 404.
Package textcomp Info: Setting hlcf sub-encoding to TS1/5 on input line 405.
Package textcomp Info: Setting pplx sub-encoding to TS1/3 on input line 406.
Package textcomp Info: Setting pplj sub-encoding to TS1/3 on input line 407.
Package textcomp Info: Setting ptmx sub-encoding to TS1/4 on input line 408.
Package textcomp Info: Setting ptmj sub-encoding to TS1/4 on input line 409.
)
\lbreakdots=\box32
LaTeX Font Info:    Try loading font information for T1+pcr on input line 228.

(/usr/share/texlive/texmf-dist/tex/latex/psnfss/t1pcr.fd
File: t1pcr.fd 2001/06/04 font definitions for T1/pcr.
))
(/usr/share/texlive/texmf-dist/tex/latex/appendix/appendix.sty
Package: appendix 2009/09/02 v1.2b extra appendix facilities
\c@@pps=\count114
\c@@ppsavesec=\count115
\c@@ppsaveapp=\count116
)
(/usr/share/texlive/texmf-dist/tex/latex/wasysym/wasysym.sty
Package: wasysym 2003/10/30 v2.0 Wasy-2 symbol support package
\symwasy=\mathgroup4
LaTeX Font Info:    Overwriting symbol font `wasy' in version `bold'
(Font)                  U/wasy/m/n --> U/wasy/b/n on input line 90.
)
(/usr/share/texlive/texmf-dist/tex/latex/oberdiek/epstopdf.sty
Package: epstopdf 2010/02/09 v2.5 Conversion with epstopdf on the fly (HO)

(/usr/share/texlive/texmf-dist/tex/latex/oberdiek/epstopdf-base.sty
Package: epstopdf-base 2010/02/09 v2.5 Base part for package epstopdf

(/usr/share/texlive/texmf-dist/tex/latex/oberdiek/grfext.sty
Package: grfext 2010/08/19 v1.1 Manage graphics extensions (HO)

(/usr/share/texlive/texmf-dist/tex/generic/oberdiek/kvdefinekeys.sty
Package: kvdefinekeys 2011/04/07 v1.3 Define keys (HO)
))
(/usr/share/texlive/texmf-dist/tex/latex/oberdiek/kvoptions.sty
Package: kvoptions 2011/06/30 v3.11 Key value format for package options (HO)

(/usr/share/texlive/texmf-dist/tex/generic/oberdiek/kvsetkeys.sty
Package: kvsetkeys 2012/04/25 v1.16 Key value parser (HO)

(/usr/share/texlive/texmf-dist/tex/generic/oberdiek/etexcmds.sty
Package: etexcmds 2011/02/16 v1.5 Avoid name clashes with e-TeX commands (HO)

(/usr/share/texlive/texmf-dist/tex/generic/oberdiek/ifluatex.sty
Package: ifluatex 2010/03/01 v1.3 Provides the ifluatex switch (HO)
Package ifluatex Info: LuaTeX not detected.
)
Package etexcmds Info: Could not find \expanded.
(etexcmds)             That can mean that you are not using pdfTeX 1.50 or
(etexcmds)             that some package has redefined \expanded.
(etexcmds)             In the latter case, load this package earlier.
)))
(/usr/share/texlive/texmf-dist/tex/generic/oberdiek/pdftexcmds.sty
Package: pdftexcmds 2011/11/29 v0.20 Utility functions of pdfTeX for LuaTeX (HO
)
Package pdftexcmds Info: LuaTeX not detected.
Package pdftexcmds Info: \pdf@primitive is available.
Package pdftexcmds Info: \pdf@ifprimitive is available.
Package pdftexcmds Info: \pdfdraftmode found.
)
Package grfext Info: Graphics extension search list:
(grfext)             [.png,.pdf,.jpg,.mps,.jpeg,.jbig2,.jb2,.PNG,.PDF,.JPG,.JPE
G,.JBIG2,.JB2,.eps]
(grfext)             \AppendGraphicsExtensions on input line 452.

(/usr/share/texlive/texmf-dist/tex/latex/latexconfig/epstopdf-sys.cfg
File: epstopdf-sys.cfg 2010/07/13 v1.3 Configuration of (r)epstopdf for TeX Liv
e
)))
(/usr/share/texlive/texmf-dist/tex/latex/parskip/parskip.sty
Package: parskip 2001/04/09 non-zero parskip adjustments
) (./wavelets.aux)
\openout1 = `wavelets.aux'.

LaTeX Font Info:    Checking defaults for OML/cmm/m/it on input line 30.
LaTeX Font Info:    ... okay on input line 30.
LaTeX Font Info:    Checking defaults for T1/cmr/m/n on input line 30.
LaTeX Font Info:    ... okay on input line 30.
LaTeX Font Info:    Checking defaults for OT1/cmr/m/n on input line 30.
LaTeX Font Info:    ... okay on input line 30.
LaTeX Font Info:    Checking defaults for OMS/cmsy/m/n on input line 30.
LaTeX Font Info:    ... okay on input line 30.
LaTeX Font Info:    Checking defaults for OMX/cmex/m/n on input line 30.
LaTeX Font Info:    ... okay on input line 30.
LaTeX Font Info:    Checking defaults for U/cmr/m/n on input line 30.
LaTeX Font Info:    ... okay on input line 30.
LaTeX Font Info:    Checking defaults for TS1/cmr/m/n on input line 30.
LaTeX Font Info:    Try loading font information for TS1+cmr on input line 30.

(/usr/share/texlive/texmf-dist/tex/latex/base/ts1cmr.fd
File: ts1cmr.fd 2014/09/29 v2.5h Standard LaTeX font definitions
)
LaTeX Font Info:    ... okay on input line 30.

(/usr/share/texlive/texmf-dist/tex/latex/ucs/ucsencs.def
File: ucsencs.def 2011/01/21 Fixes to fontencodings LGR, T3
)
*geometry* driver: auto-detecting
*geometry* detected driver: pdftex
*geometry* verbose mode - [ preamble ] result:
* driver: pdftex
* paper: a4paper
* layout: <same size as paper>
* layoutoffset:(h,v)=(0.0pt,0.0pt)
* modes: 
* h-part:(L,W,R)=(85.35826pt, 426.79135pt, 85.35826pt)
* v-part:(T,H,B)=(85.35826pt, 645.87756pt, 113.81102pt)
* \paperwidth=597.50787pt
* \paperheight=845.04684pt
* \textwidth=426.79135pt
* \textheight=645.87756pt
* \oddsidemargin=13.08827pt
* \evensidemargin=13.08827pt
* \topmargin=-23.91173pt
* \headheight=12.0pt
* \headsep=25.0pt
* \topskip=10.0pt
* \footskip=30.0pt
* \marginparwidth=49.79231pt
* \marginparsep=11.0pt
* \columnsep=10.0pt
* \skip\footins=9.0pt plus 4.0pt minus 2.0pt
* \hoffset=0.0pt
* \voffset=0.0pt
* \mag=1000
* \@twocolumnfalse
* \@twosidefalse
* \@mparswitchfalse
* \@reversemarginfalse
* (1in=72.27pt=25.4mm, 1cm=28.453pt)

(/usr/share/texlive/texmf-dist/tex/context/base/supp-pdf.mkii
[Loading MPS to PDF converter (version 2006.09.02).]
\scratchcounter=\count117
\scratchdimen=\dimen127
\scratchbox=\box33
\nofMPsegments=\count118
\nofMParguments=\count119
\everyMPshowfont=\toks29
\MPscratchCnt=\count120
\MPscratchDim=\dimen128
\MPnumerator=\count121
\makeMPintoPDFobject=\count122
\everyMPtoPDFconversion=\toks30
)
\c@lstlisting=\count123
LaTeX Font Info:    Try loading font information for U+wasy on input line 31.
 (/usr/share/texlive/texmf-dist/tex/latex/wasysym/uwasy.fd
File: uwasy.fd 2003/10/30 v2.0 Wasy-2 symbol font definitions
)
LaTeX Font Info:    Try loading font information for T1+cmtt on input line 31.

(/usr/share/texlive/texmf-dist/tex/latex/base/t1cmtt.fd
File: t1cmtt.fd 2014/09/29 v2.5h Standard LaTeX font definitions
) (./wavelets.toc
[1

{/var/lib/texmf/fonts/map/pdftex/updmap/pdftex.map}])
\tf@toc=\write3
\openout3 = `wavelets.toc'.

 [2]
(/usr/share/texlive/texmf-dist/tex/latex/ucs/data/uni-32.def
File: uni-32.def 2013/05/13 UCS: Unicode data U+2000..U+20FF
)
Package epstopdf Info: Source file: <../images/ex1_db4.eps>
(epstopdf)                    date: 2017-03-27 13:39:18
(epstopdf)                    size: 23445 bytes
(epstopdf)             Output file: <./ex1_db4-eps-converted-to.pdf>
(epstopdf)                    date: 2017-03-27 13:45:09
(epstopdf)                    size: 9535 bytes
(epstopdf)             Command: <repstopdf --outfile=./ex1_db4-eps-converted-to
.pdf ../images/ex1_db4.eps>
(epstopdf)             \includegraphics on input line 46.
Package epstopdf Info: Output file is already uptodate.

<./ex1_db4-eps-converted-to.pdf, id=15, 1028.84375pt x 500.87125pt>
File: ./ex1_db4-eps-converted-to.pdf Graphic file (type pdf)

<use ./ex1_db4-eps-converted-to.pdf>
Package pdftex.def Info: ./ex1_db4-eps-converted-to.pdf used on input line 46.
(pdftex.def)             Requested size: 213.39568pt x 103.88681pt.
Package epstopdf Info: Source file: <../images/ex1_0.eps>
(epstopdf)                    date: 2017-03-27 14:20:59
(epstopdf)                    size: 1294311 bytes
(epstopdf)             Output file: <./ex1_0-eps-converted-to.pdf>
(epstopdf)                    date: 2017-03-27 14:21:04
(epstopdf)                    size: 73221 bytes
(epstopdf)             Command: <repstopdf --outfile=./ex1_0-eps-converted-to.p
df ../images/ex1_0.eps>
(epstopdf)             \includegraphics on input line 55.
Package epstopdf Info: Output file is already uptodate.

<./ex1_0-eps-converted-to.pdf, id=16, 1028.84375pt x 220.825pt>
File: ./ex1_0-eps-converted-to.pdf Graphic file (type pdf)

<use ./ex1_0-eps-converted-to.pdf>
Package pdftex.def Info: ./ex1_0-eps-converted-to.pdf used on input line 55.
(pdftex.def)             Requested size: 426.79135pt x 91.60359pt.
Package epstopdf Info: Source file: <../images/ex1_1.eps>
(epstopdf)                    date: 2017-03-27 14:20:49
(epstopdf)                    size: 1295777 bytes
(epstopdf)             Output file: <./ex1_1-eps-converted-to.pdf>
(epstopdf)                    date: 2017-03-27 14:21:07
(epstopdf)                    size: 108329 bytes
(epstopdf)             Command: <repstopdf --outfile=./ex1_1-eps-converted-to.p
df ../images/ex1_1.eps>
(epstopdf)             \includegraphics on input line 62.
Package epstopdf Info: Output file is already uptodate.

<./ex1_1-eps-converted-to.pdf, id=17, 1028.84375pt x 220.825pt>
File: ./ex1_1-eps-converted-to.pdf Graphic file (type pdf)

<use ./ex1_1-eps-converted-to.pdf>
Package pdftex.def Info: ./ex1_1-eps-converted-to.pdf used on input line 62.
(pdftex.def)             Requested size: 426.79135pt x 91.60359pt.
 [3 <./ex1_db4-eps-converted-to.pdf> <./ex1_0-eps-converted-to.pdf>]
Package epstopdf Info: Source file: <../images/ex1_2.eps>
(epstopdf)                    date: 2017-03-27 14:20:37
(epstopdf)                    size: 1295117 bytes
(epstopdf)             Output file: <./ex1_2-eps-converted-to.pdf>
(epstopdf)                    date: 2017-03-27 14:21:10
(epstopdf)                    size: 102769 bytes
(epstopdf)             Command: <repstopdf --outfile=./ex1_2-eps-converted-to.p
df ../images/ex1_2.eps>
(epstopdf)             \includegraphics on input line 69.
Package epstopdf Info: Output file is already uptodate.

<./ex1_2-eps-converted-to.pdf, id=39, 1028.84375pt x 220.825pt>
File: ./ex1_2-eps-converted-to.pdf Graphic file (type pdf)

<use ./ex1_2-eps-converted-to.pdf>
Package pdftex.def Info: ./ex1_2-eps-converted-to.pdf used on input line 69.
(pdftex.def)             Requested size: 426.79135pt x 91.60359pt.
Package epstopdf Info: Source file: <../images/ex1_3.eps>
(epstopdf)                    date: 2017-03-27 14:20:16
(epstopdf)                    size: 1294046 bytes
(epstopdf)             Output file: <./ex1_3-eps-converted-to.pdf>
(epstopdf)                    date: 2017-03-27 14:21:14
(epstopdf)                    size: 96309 bytes
(epstopdf)             Command: <repstopdf --outfile=./ex1_3-eps-converted-to.p
df ../images/ex1_3.eps>
(epstopdf)             \includegraphics on input line 76.
Package epstopdf Info: Output file is already uptodate.

<./ex1_3-eps-converted-to.pdf, id=40, 1028.84375pt x 220.825pt>
File: ./ex1_3-eps-converted-to.pdf Graphic file (type pdf)

<use ./ex1_3-eps-converted-to.pdf>
Package pdftex.def Info: ./ex1_3-eps-converted-to.pdf used on input line 76.
(pdftex.def)             Requested size: 426.79135pt x 91.60359pt.
Package epstopdf Info: Source file: <../images/ex1_4.eps>
(epstopdf)                    date: 2017-03-27 14:20:05
(epstopdf)                    size: 1296692 bytes
(epstopdf)             Output file: <./ex1_4-eps-converted-to.pdf>
(epstopdf)                    date: 2017-03-27 14:21:18
(epstopdf)                    size: 97855 bytes
(epstopdf)             Command: <repstopdf --outfile=./ex1_4-eps-converted-to.p
df ../images/ex1_4.eps>
(epstopdf)             \includegraphics on input line 85.
Package epstopdf Info: Output file is already uptodate.

<./ex1_4-eps-converted-to.pdf, id=41, 1028.84375pt x 220.825pt>
File: ./ex1_4-eps-converted-to.pdf Graphic file (type pdf)

<use ./ex1_4-eps-converted-to.pdf>
Package pdftex.def Info: ./ex1_4-eps-converted-to.pdf used on input line 85.
(pdftex.def)             Requested size: 426.79135pt x 91.60359pt.
 [4 <./ex1_1-eps-converted-to.pdf> <./ex1_2-eps-converted-to.pdf> <./ex1_3-eps-
converted-to.pdf> <./ex1_4-eps-converted-to.pdf>]
Package epstopdf Info: Source file: <../images/ex2.eps>
(epstopdf)                    date: 2017-03-27 14:03:43
(epstopdf)                    size: 17858 bytes
(epstopdf)             Output file: <./ex2-eps-converted-to.pdf>
(epstopdf)                    date: 2017-03-27 14:03:48
(epstopdf)                    size: 6333 bytes
(epstopdf)             Command: <repstopdf --outfile=./ex2-eps-converted-to.pdf
 ../images/ex2.eps>
(epstopdf)             \includegraphics on input line 97.
Package epstopdf Info: Output file is already uptodate.
 <./ex2-eps-converted-to.pdf, id=77, 429.605pt x 321.2pt>
File: ./ex2-eps-converted-to.pdf Graphic file (type pdf)

<use ./ex2-eps-converted-to.pdf>
Package pdftex.def Info: ./ex2-eps-converted-to.pdf used on input line 97.
(pdftex.def)             Requested size: 213.39568pt x 159.55077pt.
 [5 <./ex2-eps-converted-to.pdf>]
Package epstopdf Info: Source file: <../images/ex3.eps>
(epstopdf)                    date: 2017-03-27 14:15:27
(epstopdf)                    size: 488506 bytes
(epstopdf)             Output file: <./ex3-eps-converted-to.pdf>
(epstopdf)                    date: 2017-03-27 14:15:35
(epstopdf)                    size: 46309 bytes
(epstopdf)             Command: <repstopdf --outfile=./ex3-eps-converted-to.pdf
 ../images/ex3.eps>
(epstopdf)             \includegraphics on input line 186.
Package epstopdf Info: Output file is already uptodate.

<./ex3-eps-converted-to.pdf, id=89, 421.575pt x 316.18124pt>
File: ./ex3-eps-converted-to.pdf Graphic file (type pdf)

<use ./ex3-eps-converted-to.pdf>
Package pdftex.def Info: ./ex3-eps-converted-to.pdf used on input line 186.
(pdftex.def)             Requested size: 213.39568pt x 160.04898pt.
 [6 <./ex3-eps-converted-to.pdf>]
Package epstopdf Info: Source file: <../images/ex4.eps>
(epstopdf)                    date: 2017-03-27 14:14:43
(epstopdf)                    size: 980926 bytes
(epstopdf)             Output file: <./ex4-eps-converted-to.pdf>
(epstopdf)                    date: 2017-03-27 14:14:53
(epstopdf)                    size: 88987 bytes
(epstopdf)             Command: <repstopdf --outfile=./ex4-eps-converted-to.pdf
 ../images/ex4.eps>
(epstopdf)             \includegraphics on input line 249.
Package epstopdf Info: Output file is already uptodate.

<./ex4-eps-converted-to.pdf, id=100, 429.605pt x 321.2pt>
File: ./ex4-eps-converted-to.pdf Graphic file (type pdf)

<use ./ex4-eps-converted-to.pdf>
Package pdftex.def Info: ./ex4-eps-converted-to.pdf used on input line 249.
(pdftex.def)             Requested size: 426.79135pt x 319.10153pt.
 [7 <./ex4-eps-converted-to.pdf>]
Package epstopdf Info: Source file: <../images/ex5_2.eps>
(epstopdf)                    date: 2017-03-27 14:13:22
(epstopdf)                    size: 38943 bytes
(epstopdf)             Output file: <./ex5_2-eps-converted-to.pdf>
(epstopdf)                    date: 2017-03-27 14:14:05
(epstopdf)                    size: 11943 bytes
(epstopdf)             Command: <repstopdf --outfile=./ex5_2-eps-converted-to.p
df ../images/ex5_2.eps>
(epstopdf)             \includegraphics on input line 274.
Package epstopdf Info: Output file is already uptodate.

<./ex5_2-eps-converted-to.pdf, id=113, 429.605pt x 321.2pt>
File: ./ex5_2-eps-converted-to.pdf Graphic file (type pdf)

<use ./ex5_2-eps-converted-to.pdf>
Package pdftex.def Info: ./ex5_2-eps-converted-to.pdf used on input line 274.
(pdftex.def)             Requested size: 426.79135pt x 319.10153pt.
 [8 <./ex5_2-eps-converted-to.pdf>]
Package epstopdf Info: Source file: <../images/ex6.eps>
(epstopdf)                    date: 2017-03-27 15:49:48
(epstopdf)                    size: 33280 bytes
(epstopdf)             Output file: <./ex6-eps-converted-to.pdf>
(epstopdf)                    date: 2017-03-27 15:54:11
(epstopdf)                    size: 13348 bytes
(epstopdf)             Command: <repstopdf --outfile=./ex6-eps-converted-to.pdf
 ../images/ex6.eps>
(epstopdf)             \includegraphics on input line 292.
Package epstopdf Info: Output file is already uptodate.

<./ex6-eps-converted-to.pdf, id=125, 1028.84375pt x 220.825pt>
File: ./ex6-eps-converted-to.pdf Graphic file (type pdf)

<use ./ex6-eps-converted-to.pdf>
Package pdftex.def Info: ./ex6-eps-converted-to.pdf used on input line 292.
(pdftex.def)             Requested size: 426.79135pt x 91.60359pt.
 [9 <./ex6-eps-converted-to.pdf>]
(../ex1_daubechies.m
LaTeX Font Info:    Try loading font information for TS1+pcr on input line 7.
 (/usr/share/texlive/texmf-dist/tex/latex/psnfss/ts1pcr.fd
File: ts1pcr.fd 2001/06/04 font definitions for TS1/pcr.
) [10]) (../ex2_Bspline.m [11] [12]) (../ex3_annihilating_filter.m) [13]
(../annihilatingFilterMethod.m) (../ex4_sampling_diracs.m [14] [15])
(../ex5_sampling_diracs.m [16]) (../ex6_noisy_signal.m [17])
(../momentsGenerator.m [18]) (../ex7_none.m [19]
Overfull \hbox (17.4845pt too wide) in paragraph at lines 44--45
[][][][][][][][][][][][][][][][][][] 
 []

) (../ex7_tls.m [20]
Overfull \hbox (17.4845pt too wide) in paragraph at lines 44--45
[][][][][][][][][][][][][][][][][][] 
 []

) (../annihilatingFilterMethodTLS.m) [21] (../ex7_cadzow.m
Overfull \hbox (17.4845pt too wide) in paragraph at lines 44--45
[][][][][][][][][][][][][][][][][][] 
 []

) (../annihilatingFilterMethodCadzow.m [22]) [23] (./wavelets.aux) ) 
Here is how much of TeX's memory you used:
 7039 strings out of 494910
 94522 string characters out of 6179835
 273676 words of memory out of 5000000
 10130 multiletter control sequences out of 15000+600000
 18511 words of font info for 52 fonts, out of 8000000 for 9000
 36 hyphenation exceptions out of 8191
 42i,11n,42p,812b,1692s stack positions out of 5000i,500n,10000p,200000b,80000s
 </home/jhe
rtz5/.texmf-var/fonts/pk/ljfour/jknappen/ec/ecrm0500.600pk>{/usr/share/texlive/
texmf-dist/fonts/enc/dvips/base/8r.enc} </home/jhertz5/.texmf-var/fonts/pk/ljfo
ur/jknappen/ec/ectt1000.600pk> </home/jhertz5/.texmf-var/fonts/pk/ljfour/jknapp
en/ec/ecbx1200.600pk> </home/jhertz5/.texmf-var/fonts/pk/ljfour/jknappen/ec/ecr
m1000.600pk> </home/jhertz5/.texmf-var/fonts/pk/ljfour/jknappen/ec/ecbx1000.600
pk> </home/jhertz5/.texmf-var/fonts/pk/ljfour/jknappen/ec/ecbx1440.600pk> </hom
e/jhertz5/.texmf-var/fonts/pk/ljfour/jknappen/ec/ectt1200.600pk> </home/jhertz5
/.texmf-var/fonts/pk/ljfour/jknappen/ec/ecrm1200.600pk> </home/jhertz5/.texmf-v
ar/fonts/pk/ljfour/jknappen/ec/ecrm1728.600pk></usr/share/texlive/texmf-dist/fo
nts/type1/public/amsfonts/cm/cmex10.pfb></usr/share/texlive/texmf-dist/fonts/ty
pe1/public/amsfonts/cm/cmmi10.pfb></usr/share/texlive/texmf-dist/fonts/type1/pu
blic/amsfonts/cm/cmmi7.pfb></usr/share/texlive/texmf-dist/fonts/type1/public/am
sfonts/cm/cmr10.pfb></usr/share/texlive/texmf-dist/fonts/type1/public/amsfonts/
cm/cmr7.pfb></usr/share/texlive/texmf-dist/fonts/type1/public/amsfonts/cm/cmsy1
0.pfb></usr/share/texlive/texmf-dist/fonts/type1/public/amsfonts/cm/cmsy5.pfb><
/usr/share/texlive/texmf-dist/fonts/type1/public/amsfonts/cm/cmsy7.pfb></usr/sh
are/texlive/texmf-dist/fonts/type1/public/amsfonts/cm/cmsy8.pfb></usr/share/tex
live/texmf-dist/fonts/type1/urw/courier/ucrr8a.pfb>
Output written on wavelets.pdf (23 pages, 848594 bytes).
PDF statistics:
 504 PDF objects out of 1000 (max. 8388607)
 179 compressed objects within 2 object streams
 0 named destinations out of 1000 (max. 500000)
 56 words of extra memory for PDF output out of 10000 (max. 10000000)

